2025-05-29 21:24:17,308 - INFO - ✅ 데이터베이스 'jumpit_jobs.db' 초기화 완료
2025-05-29 21:24:42,881 - INFO - 🚀 점핏 전체 크롤링 시작!
2025-05-29 21:24:42,881 - INFO - 🎯 검색 유형: 44개
2025-05-29 21:24:42,881 - INFO - 📄 검색당 최대 페이지: 5
2025-05-29 21:24:42,881 - INFO - ============================================================
2025-05-29 21:24:42,881 - INFO - 🔍 [1/44] '서버/백엔드개발자' 검색 시작...
2025-05-29 21:24:42,882 - INFO - 🎯 '서버/백엔드개발자' 검색 시작...
2025-05-29 21:24:42,882 - INFO - 📋 검색 파라미터: {'jobCategory': '서버/백엔드 개발자', 'sort': 'rsp_rate'}
2025-05-29 21:24:42,882 - INFO - 📄 페이지 1/5 처리 중...
2025-05-29 21:24:47,000 - INFO - 🔄 API 요청 중... (시도 1/3)
2025-05-29 21:24:47,062 - WARNING - ⚠️ HTTP 403: Invalid CORS request
2025-05-29 21:24:47,062 - INFO - 💤 19.0초 후 재시도...
2025-05-29 21:25:12,179 - INFO - 🔄 API 요청 중... (시도 2/3)
2025-05-29 21:25:12,209 - WARNING - ⚠️ HTTP 403: Invalid CORS request
2025-05-29 21:25:12,210 - INFO - 💤 26.9초 후 재시도...
2025-05-29 21:25:47,892 - INFO - 🔄 API 요청 중... (시도 3/3)
2025-05-29 21:25:47,921 - WARNING - ⚠️ HTTP 403: Invalid CORS request
2025-05-29 21:25:47,922 - ERROR - ❌ 모든 재시도 실패
2025-05-29 21:25:47,922 - WARNING - ⚠️ 페이지 1 요청 실패
2025-05-29 21:25:47,922 - INFO - 📄 페이지 2/5 처리 중...
2025-05-29 21:25:50,462 - INFO - 🔄 API 요청 중... (시도 1/3)
2025-05-29 21:25:50,483 - WARNING - ⚠️ HTTP 403: Invalid CORS request
2025-05-29 21:25:50,483 - INFO - 💤 15.7초 후 재시도...
